[robothackslot.xyz/index.html]
[backblue.gif]
[fade.gif]
[index.html]
[connect.facebook.net/en_US/fbevents.js]
[cdn.ampproject.org/v0.js]
[i.ibb.co/T478tJw/Robo.png]
[cdn.ampproject.org/v0/amp-carousel-0.1.js]
[cdn.ampproject.org/v0/amp-install-serviceworker-0.1.js]
[cdn.ampproject.org/v0/amp-youtube-0.1.js]
[cdn.ampproject.org/v0/amp-accordion-0.1.js]
[i.ibb.co/9bZg5v6/zorro4d1.jpg]
[i.ibb.co/QKmbBXh/logo.png]
[robothackslot.xyz/index.html]
[connect.facebook.net/en_US/fbevents.js]
[robothackslot.xyz/img/moneyheist.html]
[robothackslot.xyz/a.html]
[robothackslot.xyz/POST.html]
[robothackslot.xyz/schema.org/index.html]
[robothackslot.xyz/b.html]
[robothackslot.xyz/signals/iwl.html]
